<?xml version="1.0" encoding="UTF-8"?>
<!-- Generated by org.testng.reporters.JUnitReportReporter -->
<testsuite skipped="0" hostname="DESKTOP-FKNHQOI" name="TestNgFirstProject.TC_001" tests="1" failures="0" timestamp="13 Mar 2022 16:36:21 GMT" time="0.026" errors="0">
  <testcase name="f" time="0.026" classname="TestNgFirstProject.TC_001"/>
</testsuite> <!-- TestNgFirstProject.TC_001 -->
